<?xml version="1.0" encoding="UTF-8"?>
<testng-results ignored="0" total="1" passed="1" failed="0" skipped="0">
  <reporter-output>
  </reporter-output>
  <suite started-at="2025-12-06T20:18:56 IST" name="Default suite" finished-at="2025-12-06T20:19:17 IST" duration-ms="20969">
    <groups>
    </groups>
    <test started-at="2025-12-06T20:18:56 IST" name="Default test" finished-at="2025-12-06T20:19:17 IST" duration-ms="20969">
      <class name="CODECRAFT_Test_04_Browser_Stack.CrossBrowserTest_03">
        <test-method signature="loginTest()[pri:0, instance:CODECRAFT_Test_04_Browser_Stack.CrossBrowserTest_03@65fb9ffc]" started-at="2025-12-06T20:18:56 IST" name="loginTest" finished-at="2025-12-06T20:19:17 IST" duration-ms="20840" status="PASS">
          <reporter-output>
          </reporter-output>
        </test-method> <!-- loginTest -->
      </class> <!-- CODECRAFT_Test_04_Browser_Stack.CrossBrowserTest_03 -->
    </test> <!-- Default test -->
  </suite> <!-- Default suite -->
</testng-results>
